20230316	14:19:13	df373693-ce27-4c72-bc13-30acaf185ef8	POST	/cards	undefined
20230316	14:19:28	dae18acc-d334-4551-b7fd-f2f0854bb8b6	POST	/lists	undefined
20230316	14:19:36	dec6dabd-9987-45b7-9517-6d09a3fbc9ab	POST	/list	undefined
20230316	14:20:47	42289618-98f8-4e67-9bec-8c226711beef	POST	/list	undefined
20230316	14:21:12	9d1494ea-f163-415a-8ef2-99e969538ca1	POST	/list	undefined
20230316	14:22:56	94e89682-6151-429d-91c8-14b6fcdf2851	POST	/list	undefined
20230316	14:23:59	a205fe1f-9391-4cbc-9efe-4505acd4482e	POST	/list	undefined
20230316	14:24:03	5677a429-f389-482b-9721-63e796d8e34d	POST	/list	undefined
20230316	14:24:18	0c22059d-11b2-4016-bc3e-3d7e7e41fe4d	POST	/list	undefined
20230316	14:24:46	38cca33e-1842-43dd-af09-d1c209a03b86	POST	/list	undefined
20230316	14:27:56	231c70d3-2ddc-457e-846f-e07377749ef6	PATCH	/list	undefined
20230316	14:52:47	22a0cf8b-4e73-4add-bc24-11b62297710d	POST	/list/card	undefined
20230316	14:53:04	fb1326fd-8b65-4e0f-af4f-a36fc58e157e	POST	/list/card	undefined
20230316	14:53:43	b5e0bdb8-c178-46de-afad-39fb8245a305	POST	/list/card	undefined
20230316	14:55:15	9021f986-9b6c-4f50-85d2-ac2eba94109a	DELETE	/list	undefined
20230316	15:00:09	c0625dc6-7d08-4098-ac43-334bced7a8e1	POST	/list	undefined
20230316	15:00:36	f0f4043d-e502-4f57-b5b0-c6bae6cc8045	POST	/list/cards	undefined
20230316	15:00:39	a8642356-06f8-4a4c-a6c2-f4f023f68617	POST	/list/card	undefined
20230316	15:00:56	dda058d2-3411-43d9-aad6-331324479183	DELETE	/list/card	undefined
20230316	15:01:04	0ed901ed-eab9-4d84-995f-3a24e68c2f42	POST	/list/card	undefined
20230316	15:01:17	fcd10571-b6a0-432d-8933-15531c3b9cbe	DELETE	/list/	undefined
20230316	15:02:22	b2e7fbf3-bd4a-4b52-91ea-1860d3e439ba	DELETE	/list/	undefined
20230316	15:02:40	bc45cfa9-9aab-4903-b160-9f7f3d04f821	DELETE	/list/	undefined
20230316	15:04:03	02f1fbb5-8b1f-4e6e-bea2-1017bcb92304	DELETE	/list/	undefined
20230316	15:05:31	8690341b-f2fe-425c-a183-184fbd84db9f	DELETE	/list/	undefined
20230316	15:06:06	eed595cd-3f22-4ef1-853f-c9a09c481cde	POST	/list/	undefined
20230316	15:06:43	726443e1-d3d1-4f4c-906f-d2fd7f8b8744	POST	/list/card	undefined
20230316	15:06:45	39227d2c-a17c-40fe-bdea-ea06d9a5a44f	POST	/list/card	undefined
20230316	15:07:05	44c55370-0122-4813-af21-75d2c775f5a2	DELETE	/list/	undefined
20230316	15:08:19	d03925c3-d6c2-4a51-845b-2ef6a787095d	DELETE	/list/	undefined
20230316	15:10:39	211e0844-3326-469c-b9aa-c642359466dc	POST	/list/	undefined
20230316	15:11:17	39852f68-68b7-459e-8710-bd5721892854	PATCH	/list/card	undefined
20230316	15:11:18	fa7b276f-b4fe-47d4-9cce-3a02cd3c98ee	PATCH	/list/card	undefined
20230316	15:11:47	5cd02a2d-396b-4c49-bd7d-8db2d2cc2df8	POST	/list/card	undefined
20230316	15:11:49	3709f3fd-8dfa-4850-9b04-d1c3f54015da	POST	/list/card	undefined
20230316	15:12:38	e5f02463-d43f-4f46-adbd-b75ac452509d	DELETE	/list	undefined
20230316	15:12:44	8017266f-bb77-4003-823f-17a33a5fd906	DELETE	/list	undefined
20230316	15:13:01	9ca3a5f2-3d94-41ca-8843-997e8a079359	DELETE	/list	undefined
20230316	15:13:10	8f8d687a-5801-4c27-8cbc-42c69a786d3d	DELETE	/list	undefined
20230316	15:14:02	7b24682b-c544-4d81-9f1c-536f8f0ff662	DELETE	/list	undefined
20230316	15:14:23	79dc4446-aa03-4336-aa55-1f1ad4342679	DELETE	/list	undefined
20230316	15:14:36	c64405fd-535f-43ce-89b7-494b0beacf7f	DELETE	/list	undefined
20230316	15:16:00	b25658d3-389e-459f-b0eb-480c6607ce8e	DELETE	/list	undefined
20230316	15:17:14	dda4c770-79af-45a6-b78c-a1777298f873	DELETE	/list	undefined
20230316	15:17:49	b61a7b1b-9ee3-498f-bb85-6055f3f43687	DELETE	/list	undefined
20230316	15:18:51	c05f1406-ef52-471d-b396-9e76cac59b45	DELETE	/list	undefined
20230316	15:19:03	9e957bc6-000e-4e52-9034-15ad744977a8	DELETE	/list	undefined
20230316	15:19:48	17a625c5-1f9e-422b-925e-7957655d9a2c	POST	/list	undefined
20230316	15:20:12	37a296bb-a8a6-4d7e-a4ac-2c90d57479c1	POST	/list/card	undefined
20230316	15:20:13	aa401e6a-ec55-4dc0-b884-bbd26f757f22	POST	/list/card	undefined
20230316	15:20:23	c97f5072-63da-4bfc-8efd-cb8f3b4ebd48	DELETE	/list	undefined
20230316	15:21:49	2dd27917-895d-4cc7-b7bb-8e59e5eade91	POST	/list	undefined
20230316	15:22:10	13581234-0c04-48c7-b2c3-7c46b03144cc	POST	/list/card	undefined
20230316	15:22:12	aed67975-4b05-4615-9562-b8f38ed8cfc6	POST	/list/card	undefined
20230316	15:22:22	809bb029-f3aa-4f1c-82b0-aca0331e716e	DELETE	/list	undefined
20230316	15:24:36	9cd6614c-4b7e-458f-b172-829f01937b7a	POST	/list	undefined
20230316	15:25:48	e4b6c560-8ddc-443d-8225-8abdcddec635	POST	/list/card	undefined
20230316	15:25:55	05c6fa75-a548-4c9f-9415-cfb0059e78b2	POST	/list/card	undefined
20230316	15:27:46	e8fde165-98ee-4809-bbc0-0c31e101b908	DELETE	/list/card	undefined
20230316	15:29:00	60f365b8-457b-45de-a559-93ff1f194225	POST	/auth	undefined
20230316	15:36:42	e4e8baf7-81b2-4d05-9392-ea700eb6ad98	POST	/list	undefined
20230316	15:37:24	ed88b5db-4d7d-4a34-87ae-b426e44cd93b	POST	/list/card	undefined
20230316	15:37:26	a785fc71-8bb2-44f6-a9a7-f29005753a66	POST	/list/card	undefined
20230316	15:37:52	8fd0aef8-9bd3-4707-9d79-6c7a0d214f86	DELETE	/list	undefined
20230316	15:39:20	f6d8955b-19db-4b88-97c3-209b81c705d7	POST	/list	undefined
20230316	15:39:54	33e515f1-5b9b-489c-9136-42a548fdcf5e	POST	/list/card	undefined
20230316	15:40:44	37fb0f0a-e5aa-48eb-a655-a3c551818131	DELETE	/list/card	undefined
20230316	15:40:50	a983de5b-d2d8-4149-9119-6107122095aa	DELETE	/list/	undefined
20230316	15:42:13	98260218-566a-45e4-81ad-aa4c5ec832a2	POST	/list/	undefined
20230316	15:42:35	93c3821c-5b30-4ac2-90e3-048b5376cd33	POST	/list/card	undefined
20230316	15:42:49	0ae1c3b0-a970-4155-9088-65306531db7d	POST	/list/card	undefined
20230316	15:44:10	3d324d21-d712-4f91-b73e-568763c7ccdc	DELETE	/list	undefined
20230316	15:45:21	b63ac971-3bd2-4091-aa9b-443e646d79ef	DELETE	/list	undefined
20230316	15:46:18	43696b91-119e-47d2-9c58-b7b2cc12866b	DELETE	/list	undefined
20230316	15:46:57	78defd12-c57c-46f5-b89c-3b5bc2134875	DELETE	/list	undefined
20230316	15:47:19	cbe965e1-4136-4782-b3f1-38400ecff58d	DELETE	/list	undefined
20230316	15:49:13	b458430e-4a09-423b-9edf-98d4b4a06f21	DELETE	/list	undefined
20230316	15:49:25	2463e1a0-969c-4608-8c18-0512b11350f1	DELETE	/list	undefined
20230316	15:50:56	444dcf3e-95bf-4780-819a-d013aa30e1dc	DELETE	/list	undefined
20230316	15:52:00	a63c8d77-8372-4a32-a5d0-2530a8333da8	DELETE	/list	undefined
20230316	15:52:34	78a66d92-ddee-4935-a3f1-85049aae023f	DELETE	/list	undefined
20230316	15:55:15	54e8236a-6eeb-47a9-b91d-06013b59dc2f	POST	/list	undefined
20230316	15:55:16	f2ea7e97-6ea2-4a4d-852b-ad5c8becb04e	POST	/list	undefined
20230316	15:55:17	8403a014-e7f4-4f7d-a217-3e2d58786611	POST	/list	undefined
20230316	15:55:18	04c1e9ec-747b-4067-b171-1cfae5d60501	POST	/list	undefined
20230316	15:55:42	802476d2-d13f-4369-bcc0-ceeebac04321	POST	/list/card	undefined
20230316	15:55:42	b22cbe65-9711-4a20-bac9-20d22f4b6a8d	POST	/list/card	undefined
20230316	15:55:43	2a205eab-e100-4f98-a570-fe3c2d600d34	POST	/list/card	undefined
20230316	15:55:53	1e0c9516-8a39-4880-8222-d5ad4a6f6529	POST	/list/card	undefined
20230316	15:56:36	294d5616-8e6d-420b-9664-d0f6c08c3db0	DELETE	/list	undefined
20230316	15:57:50	bfdc2865-8317-4c5a-b7cd-19a7f71b06af	POST	/list/card	undefined
20230316	15:57:51	8222b33c-fb39-4de1-bf03-e69b14fa6c85	POST	/list/card	undefined
20230316	15:57:52	c7040908-1f6e-46cf-aaa4-9d1124161849	POST	/list/card	undefined
20230316	15:59:33	241791e8-a1a0-4fa8-b0d0-a9905af8ce34	DELETE	/list/card	undefined
20230316	15:59:39	c0d0ddb0-b61e-4b31-9abe-3468702c5860	DELETE	/list	undefined
20230316	16:01:54	60965078-e9fd-46d9-a0fd-5bc04682a69e	POST	/list/card	undefined
20230316	16:01:56	88d3bb5d-5745-406b-bb2a-0bcf9e86739b	POST	/list/card	undefined
20230316	16:02:08	92eb52a4-dec8-453d-9522-26b526de282e	DELETE	/list	undefined
20230316	16:04:17	93ae74eb-a014-43f3-aefd-705f44f2752d	POST	/list	undefined
20230316	16:04:22	15f8e912-c398-459f-b688-4bf327aaae36	DELETE	/list	undefined
20230316	16:07:14	978b993e-07bc-4bc9-8647-b12469084827	DELETE	/list	undefined
20230316	16:07:30	e97e3d16-dec9-4616-a208-487e603fbb4d	DELETE	/list	undefined
20230316	16:08:31	360d6666-4632-49ff-a570-decbcde09ead	DELETE	/list	undefined
20230316	16:08:49	e4b8eb74-3185-4bb7-8c5c-253331866f5e	DELETE	/list	undefined
20230316	16:09:18	e935915f-309c-4e77-9a59-a338dfe1b5fb	DELETE	/list	undefined
20230316	16:09:24	819ef30d-55eb-4b29-984a-c21e79669d5e	DELETE	/list	undefined
20230316	16:09:49	440ab3a6-cf34-4800-8b1f-4b753e8bce8c	DELETE	/list	undefined
20230316	16:10:26	96f40e2e-59fb-4727-8238-8c62220350bd	DELETE	/list	undefined
20230316	16:12:00	3b900be4-bf39-4cd9-a98b-8c0968858650	DELETE	/list	undefined
20230316	16:12:13	11645226-c276-4b56-a131-75fc0d8187c5	DELETE	/list	undefined
20230316	16:12:44	80fbbd61-646f-41b5-9544-33fda680c1d0	DELETE	/list	undefined
20230316	16:13:04	56af37b8-bbfd-4257-925d-a846d0a683da	DELETE	/list	undefined
20230316	16:13:11	ea6085f4-13b3-4094-9ed4-aa5810503d8e	DELETE	/list	undefined
20230316	16:13:33	59be6cdf-8d7e-41aa-aaea-afe98923902a	DELETE	/list	undefined
20230316	16:15:18	713dacac-21ae-4e68-a19a-ad2b9073b742	DELETE	/list	undefined
20230316	16:16:18	3377caec-5abd-47e7-b9fa-9b97f74eabf0	DELETE	/list	undefined
20230316	16:16:49	8fe94aa3-2b50-4eda-b475-d0fbb708bb82	DELETE	/list	undefined
20230316	16:17:23	7affc531-96bc-4528-99a2-7684f1189622	POST	/list/card	undefined
20230316	16:17:31	fc8ed52f-0562-46aa-98a7-c799a7d7ec59	DELETE	/list	undefined
20230316	16:17:59	c09fd214-8879-40f0-b773-22de11758a2f	DELETE	/list	undefined
20230316	16:18:32	fc1c18f4-82fa-436c-870b-85a4c1899f6d	DELETE	/list	undefined
20230316	19:01:47	c24de76e-b8ea-4df2-a3a9-9285e6319478	GET	/	undefined
20230316	19:01:47	3be8324e-cdb7-413e-abea-15e305e8f20b	GET	/css/style.css	undefined
20230316	19:01:47	f0f7a73a-3b38-43ef-92cd-d63e14aa7c4b	GET	/favicon.ico	undefined
20230316	22:59:40	0248cab7-053e-4453-98d8-ab5f95033ba6	OPTIONS	/users	http://localhost:3000
20230316	22:59:40	4514f97f-0bae-4893-9220-e92254647872	POST	/users	http://localhost:3000
20230316	23:02:44	30f1905c-5b56-466b-8882-949b85ad0b3f	OPTIONS	/users	http://localhost:3000
20230316	23:02:44	d0bfcbfe-d469-4840-9926-4148c20fcf02	POST	/users	http://localhost:3000
20230316	23:03:55	754d10c5-2cb9-4585-83b1-db26ee88cf25	OPTIONS	/users	http://localhost:3000
20230316	23:03:55	d8292ade-386d-4c7b-80df-4fe7051dc7d9	POST	/users	http://localhost:3000
20230316	23:06:09	f5c06cd8-12b7-47ca-9c49-684c12ade6ee	OPTIONS	/users	http://localhost:3000
20230316	23:06:09	7d4773cf-0246-4549-b850-6e2c9c40bf82	POST	/users	http://localhost:3000
20230316	23:09:00	bb0bb299-cd35-43e4-b095-6fe723e06e8c	OPTIONS	/users	http://localhost:3000
20230316	23:09:00	e7c022d5-76e6-4e9c-af4b-e6c8d32ecc8c	POST	/users	http://localhost:3000
20230316	23:10:07	086e577f-d330-4fe2-b3f6-652d4368c7ca	OPTIONS	/users	http://localhost:3000
20230316	23:10:07	8f7b54c4-3bc1-424e-96c1-5734741c7b7d	POST	/users	http://localhost:3000
20230316	23:10:07	7577f24f-a35f-4a36-869b-fa5735128b22	OPTIONS	/auth/refresh	http://localhost:3000
20230316	23:10:07	f8f505b2-1055-4d00-95d8-fa8295ce6bc3	GET	/auth/refresh	http://localhost:3000
20230316	23:17:06	4881ff99-b6cc-4c84-a0d4-2069c31f1cfc	OPTIONS	/users	http://localhost:3000
20230316	23:17:06	494d2030-b7b0-457c-aae8-48f3be5b2380	POST	/users	http://localhost:3000
20230316	23:18:41	e6e66aa3-12c1-4f6b-8d41-8138b29cb46b	OPTIONS	/users	http://localhost:3000
20230316	23:18:41	9aa3e5dc-7311-46d4-9441-c77ca160858d	POST	/users	http://localhost:3000
20230316	23:21:58	e5d5a5e9-482e-4b41-8539-f63456f32db2	OPTIONS	/users	http://localhost:3000
20230316	23:21:58	b4f10002-d9d5-4d31-8a8b-16e843cd84ea	POST	/users	http://localhost:3000
20230316	23:22:33	bc31abe7-ef4d-44aa-9501-21fbdbec8350	OPTIONS	/users	http://localhost:3000
20230316	23:22:33	59b4620a-cb53-40ab-ba77-8de4f263b2ae	POST	/users	http://localhost:3000
20230316	23:25:32	4a175d87-931a-4bcd-9665-13767935513b	OPTIONS	/users	http://localhost:3000
20230316	23:25:32	b52b8346-fed6-4b36-9208-df637b0c84c3	POST	/users	http://localhost:3000
20230316	23:34:01	a27d6a34-b5df-4304-bb6f-fce90b1b9fae	OPTIONS	/users	http://localhost:3000
20230316	23:34:01	284f691e-990c-4f1e-962c-99fd9a0c159a	POST	/users	http://localhost:3000
20230316	23:34:01	087fd641-e0ea-4baa-abcc-72ab9d7df4a0	OPTIONS	/auth/refresh	http://localhost:3000
20230316	23:34:01	20c4aa63-66f4-47ff-ba8c-07ccaeebd97c	GET	/auth/refresh	http://localhost:3000
20230316	23:38:07	d5c7d110-6cad-4c91-86bb-f8eff7a4062c	OPTIONS	/users	http://localhost:3000
20230316	23:38:07	302c3dc2-3160-4cbe-b239-e33c910f1d87	POST	/users	http://localhost:3000
20230316	23:38:07	c0e1d257-bf8c-451b-9723-9f07bf6a9ea7	OPTIONS	/auth/refresh	http://localhost:3000
20230316	23:38:07	4e3e3aec-9631-4fdf-b2ee-7fb3c39eacf5	GET	/auth/refresh	http://localhost:3000
20230316	23:39:56	15479464-9ed0-4767-89bf-99070822facd	OPTIONS	/users	http://localhost:3000
20230316	23:39:56	49f34432-c6c6-47af-b119-d5e0e8a91e5b	POST	/users	http://localhost:3000
20230316	23:39:56	c7acb702-910e-43a1-a9b0-fc4d69869c5a	OPTIONS	/auth/refresh	http://localhost:3000
20230316	23:39:56	cd6c2619-4a83-445b-a448-4f6b411083e0	GET	/auth/refresh	http://localhost:3000
20230316	23:40:06	7db44c89-020a-43b7-9a18-d8ce603e2f31	OPTIONS	/users	http://localhost:3000
20230316	23:40:06	1ddcedd7-bb51-42c1-8f5f-396a078653e2	POST	/users	http://localhost:3000
20230316	23:40:06	5b2649ae-0bb7-4bdc-8a0e-526606576d31	OPTIONS	/auth/refresh	http://localhost:3000
20230316	23:40:06	76c1f32f-3f37-4e2d-8201-7ba54b2cdd5c	GET	/auth/refresh	http://localhost:3000
20230316	23:43:22	d062d104-9d5b-4494-8bfa-3891a09119c4	OPTIONS	/users	http://localhost:3000
20230316	23:43:22	d0f79fb0-aced-4bd3-bed9-a7fae2dd804f	POST	/users	http://localhost:3000
20230316	23:43:22	84970dba-e21c-4d9a-a8d4-71a5b9ed324a	OPTIONS	/auth/refresh	http://localhost:3000
20230316	23:43:22	cac0418e-eef5-4188-9a90-4bf790f9fddd	GET	/auth/refresh	http://localhost:3000
20230316	23:43:46	bd55158e-faeb-4c85-9f60-ac35e6dd1e0b	OPTIONS	/users	http://localhost:3000
20230316	23:43:46	104cc693-c2ba-4797-855f-1750536874ec	POST	/users	http://localhost:3000
20230316	23:43:46	59563e36-686b-4e35-9844-4320a0f26300	OPTIONS	/auth/refresh	http://localhost:3000
20230316	23:43:46	55b2e444-06f1-4b9c-9f88-41f3a167b293	GET	/auth/refresh	http://localhost:3000
20230316	23:51:06	f43fa056-b51e-48ab-9819-7e50fb7a33e1	OPTIONS	/users	http://localhost:3000
20230316	23:51:06	11297d8d-d9cb-47b1-b385-fa9fb024b409	POST	/users	http://localhost:3000
20230316	23:55:56	dfe85c60-1300-400d-979d-98f102161ea7	OPTIONS	/users	http://localhost:3000
20230316	23:55:56	7d185568-98a0-4732-a40a-5afbf44692c8	POST	/users	http://localhost:3000
20230316	23:55:56	a41bf516-7692-414b-ae92-46dc74d46bed	OPTIONS	/auth/refresh	http://localhost:3000
20230316	23:55:56	56c685cf-f3fb-44b6-9dc6-7743329b793b	GET	/auth/refresh	http://localhost:3000
20230316	23:56:09	6fe06d8b-5475-4fa2-86f2-d879ed478d38	OPTIONS	/users	http://localhost:3000
20230316	23:56:09	7bbe8731-29a5-4160-babd-e5b697f902c9	POST	/users	http://localhost:3000
20230316	23:56:09	fd7422fa-e96e-4032-8e8c-9bea328c0a09	OPTIONS	/auth/refresh	http://localhost:3000
20230316	23:56:09	6f90df57-0e94-4208-8c03-ee2f7593452a	GET	/auth/refresh	http://localhost:3000
20230317	00:04:26	3e282073-68be-40d5-9ae3-bad8e8e31eba	OPTIONS	/users	http://localhost:3000
20230317	00:04:26	99693198-0724-405a-a8a5-b882876f8cde	POST	/users	http://localhost:3000
20230317	00:26:11	fbd58a1a-5ceb-45e4-bf4e-9c8f55af7bcf	OPTIONS	/users	http://localhost:3000
20230317	00:26:11	7315be34-65c7-4109-a183-e144f2a110c2	POST	/users	http://localhost:3000
20230317	00:36:28	b8c1baf2-de51-42a9-98da-ef9c8c735c76	OPTIONS	/auth	http://localhost:3000
20230317	00:36:28	8c0706f2-724f-4e76-9949-faf9064c20a5	POST	/auth	http://localhost:3000
20230317	00:42:38	a5c6bcf9-25c1-48d2-8580-dc2ef2aba459	OPTIONS	/auth	http://localhost:3000
20230317	00:42:38	cc00b19f-45c3-454f-9f63-cb2cd18230dc	POST	/auth	http://localhost:3000
20230317	16:05:28	b47ff0b1-bf24-483c-9784-1b347600e0fa	OPTIONS	/users	http://localhost:3000
20230317	16:05:28	941cfa77-a1d2-4cb7-a370-d3b216334ad4	POST	/users	http://localhost:3000
20230317	16:11:49	b02107e8-f62b-4eba-ae1a-ea378514b2d7	OPTIONS	/auth	http://localhost:3000
20230317	16:11:49	4fb34ed2-0373-4e39-b61c-25d2ec4a9fb4	POST	/auth	http://localhost:3000
20230317	16:15:02	412caf00-7411-4318-8496-0b6ca80898b6	OPTIONS	/auth	http://localhost:3000
20230317	16:15:02	e100b3b5-86de-441e-8c60-caa2eb2c4774	POST	/auth	http://localhost:3000
